[debug] [2020-10-01T16:07:07.814Z] ----------------------------------------------------------------------
[debug] [2020-10-01T16:07:07.818Z] Command:       /Users/joeappleton/.nvm/versions/node/v10.16.3/bin/node /Users/joeappleton/.nvm/versions/node/v10.16.3/bin/firebase functions:log
[debug] [2020-10-01T16:07:07.820Z] CLI Version:   8.9.2
[debug] [2020-10-01T16:07:07.820Z] Platform:      darwin
[debug] [2020-10-01T16:07:07.820Z] Node Version:  v10.16.3
[debug] [2020-10-01T16:07:07.821Z] Time:          Thu Oct 01 2020 17:07:07 GMT+0100 (British Summer Time)
[debug] [2020-10-01T16:07:07.821Z] ----------------------------------------------------------------------
[debug] [2020-10-01T16:07:07.822Z] 
[debug] [2020-10-01T16:07:07.851Z] > command requires scopes: ["email","openid","https://www.googleapis.com/auth/cloudplatformprojects.readonly","https://www.googleapis.com/auth/firebase","https://www.googleapis.com/auth/cloud-platform"]
[debug] [2020-10-01T16:07:07.853Z] > authorizing via signed-in user
[debug] [2020-10-01T16:07:07.854Z] [iam] checking project social-annotations-development for permissions ["firebase.projects.get","logging.logEntries.list","logging.logs.list"]
[debug] [2020-10-01T16:07:07.860Z] >>> HTTP REQUEST POST https://cloudresourcemanager.googleapis.com/v1/projects/social-annotations-development:testIamPermissions  
 {"permissions":["firebase.projects.get","logging.logEntries.list","logging.logs.list"]}
[debug] [2020-10-02T08:13:54.971Z] ----------------------------------------------------------------------
[debug] [2020-10-02T08:13:54.973Z] Command:       /Users/joeappleton/.nvm/versions/node/v10.16.3/bin/node /Users/joeappleton/Code/social-annotations-application/node_modules/.bin/firebase deploy --only functions,hosting
[debug] [2020-10-02T08:13:54.974Z] CLI Version:   8.11.1
[debug] [2020-10-02T08:13:54.974Z] Platform:      darwin
[debug] [2020-10-02T08:13:54.974Z] Node Version:  v10.16.3
[debug] [2020-10-02T08:13:54.975Z] Time:          Fri Oct 02 2020 09:13:54 GMT+0100 (British Summer Time)
[debug] [2020-10-02T08:13:54.976Z] ----------------------------------------------------------------------
[debug] [2020-10-02T08:13:54.976Z] 
[debug] [2020-10-02T08:13:54.989Z] > command requires scopes: ["email","openid","https://www.googleapis.com/auth/cloudplatformprojects.readonly","https://www.googleapis.com/auth/firebase","https://www.googleapis.com/auth/cloud-platform"]
[debug] [2020-10-02T08:13:54.991Z] > authorizing via signed-in user
[debug] [2020-10-02T08:13:54.992Z] [iam] checking project social-annotations-development for permissions ["cloudfunctions.functions.create","cloudfunctions.functions.delete","cloudfunctions.functions.get","cloudfunctions.functions.list","cloudfunctions.functions.update","cloudfunctions.operations.get","firebase.projects.get","firebasehosting.sites.update"]
[debug] [2020-10-02T08:13:54.996Z] > refreshing access token with scopes: ["email","https://www.googleapis.com/auth/cloud-platform","https://www.googleapis.com/auth/cloudplatformprojects.readonly","https://www.googleapis.com/auth/firebase","openid"]
[debug] [2020-10-02T08:13:54.996Z] >>> HTTP REQUEST POST https://www.googleapis.com/oauth2/v3/token  
 <request body omitted>
[debug] [2020-10-02T08:13:55.256Z] <<< HTTP RESPONSE 200 {"content-type":"application/json; charset=utf-8","vary":"X-Origin, Referer, Origin,Accept-Encoding","date":"Fri, 02 Oct 2020 08:13:55 GMT","server":"scaffolding on HTTPServer2","cache-control":"private","x-xss-protection":"0","x-frame-options":"SAMEORIGIN","x-content-type-options":"nosniff","alt-svc":"h3-Q050=\":443\"; ma=2592000,h3-29=\":443\"; ma=2592000,h3-27=\":443\"; ma=2592000,h3-T051=\":443\"; ma=2592000,h3-T050=\":443\"; ma=2592000,h3-Q046=\":443\"; ma=2592000,h3-Q043=\":443\"; ma=2592000,quic=\":443\"; ma=2592000; v=\"46,43\"","accept-ranges":"none","transfer-encoding":"chunked"}
[debug] [2020-10-02T08:13:55.274Z] >>> HTTP REQUEST POST https://cloudresourcemanager.googleapis.com/v1/projects/social-annotations-development:testIamPermissions  
 {"permissions":["cloudfunctions.functions.create","cloudfunctions.functions.delete","cloudfunctions.functions.get","cloudfunctions.functions.list","cloudfunctions.functions.update","cloudfunctions.operations.get","firebase.projects.get","firebasehosting.sites.update"]}
[debug] [2020-10-02T08:13:56.010Z] <<< HTTP RESPONSE 200 {"content-type":"application/json; charset=UTF-8","vary":"X-Origin, Referer, Origin,Accept-Encoding","date":"Fri, 02 Oct 2020 08:13:55 GMT","server":"ESF","cache-control":"private","x-xss-protection":"0","x-frame-options":"SAMEORIGIN","x-content-type-options":"nosniff","server-timing":"gfet4t7; dur=593","alt-svc":"h3-Q050=\":443\"; ma=2592000,h3-29=\":443\"; ma=2592000,h3-27=\":443\"; ma=2592000,h3-T051=\":443\"; ma=2592000,h3-T050=\":443\"; ma=2592000,h3-Q046=\":443\"; ma=2592000,h3-Q043=\":443\"; ma=2592000,quic=\":443\"; ma=2592000; v=\"46,43\"","accept-ranges":"none","transfer-encoding":"chunked"}
[debug] [2020-10-02T08:13:56.011Z] >>> HTTP REQUEST POST https://iam.googleapis.com/v1/projects/social-annotations-development/serviceAccounts/social-annotations-development@appspot.gserviceaccount.com:testIamPermissions  
 {"permissions":["iam.serviceAccounts.actAs"]}
[debug] [2020-10-02T08:13:56.349Z] <<< HTTP RESPONSE 200 {"content-type":"application/json; charset=UTF-8","vary":"X-Origin, Referer, Origin,Accept-Encoding","date":"Fri, 02 Oct 2020 08:13:56 GMT","server":"ESF","cache-control":"private","x-xss-protection":"0","x-frame-options":"SAMEORIGIN","x-content-type-options":"nosniff","alt-svc":"h3-Q050=\":443\"; ma=2592000,h3-29=\":443\"; ma=2592000,h3-27=\":443\"; ma=2592000,h3-T051=\":443\"; ma=2592000,h3-T050=\":443\"; ma=2592000,h3-Q046=\":443\"; ma=2592000,h3-Q043=\":443\"; ma=2592000,quic=\":443\"; ma=2592000; v=\"46,43\"","accept-ranges":"none","transfer-encoding":"chunked"}
[debug] [2020-10-02T08:13:56.350Z] >>> HTTP REQUEST GET https://firebase.googleapis.com/v1beta1/projects/social-annotations-development  
 
[debug] [2020-10-02T08:13:56.587Z] <<< HTTP RESPONSE 200 {"content-type":"application/json; charset=UTF-8","vary":"X-Origin, Referer, Origin,Accept-Encoding","date":"Fri, 02 Oct 2020 08:13:56 GMT","server":"ESF","cache-control":"private","x-xss-protection":"0","x-frame-options":"SAMEORIGIN","x-content-type-options":"nosniff","alt-svc":"h3-Q050=\":443\"; ma=2592000,h3-29=\":443\"; ma=2592000,h3-27=\":443\"; ma=2592000,h3-T051=\":443\"; ma=2592000,h3-T050=\":443\"; ma=2592000,h3-Q046=\":443\"; ma=2592000,h3-Q043=\":443\"; ma=2592000,quic=\":443\"; ma=2592000; v=\"46,43\"","accept-ranges":"none","transfer-encoding":"chunked"}
[info] 
[info] === Deploying to 'social-annotations-development'...
[info] 
[info] i  deploying functions, hosting 
[info] ✔  functions: Finished running predeploy script. 
[debug] [2020-10-02T08:14:03.405Z] > [functions] package.json contents: {
  "name": "with-firebase-hosting",
  "version": "5.0.0",
  "description": "fun",
  "main": "firebaseFunctions.js",
  "engines": {
    "node": "10"
  },
  "scripts": {
    "dev": "next src/",
    "build": "next build src/",
    "start": "next start src/",
    "serve": "npm run build && firebase emulators:start --only functions,hosting",
    "shell": "npm run build && firebase functions:shell",
    "predeploy": "npm --prefix \"$PROJECT_DIR\" install && npm --prefix \"$PROJECT_DIR\" run build",
    "deploy": "firebase deploy --only functions,hosting",
    "logs": "firebase functions:log"
  },
  "dependencies": {
    "@material-ui/core": "latest",
    "@material-ui/icons": "^4.9.1",
    "@material-ui/lab": "^4.0.0-alpha.56",
    "@mdx-js/loader": "^1.6.16",
    "@mdx-js/react": "^1.6.16",
    "@mdx-js/tag": "^0.20.3",
    "@next/mdx": "^9.5.2",
    "axios": "^0.20.0",
    "clsx": "^1.1.1",
    "del": "^5.1.0",
    "firebase": "^7.21.1",
    "firebase-admin": "^8.9.0",
    "firebase-functions": "^3.3.0",
    "immer": "^7.0.9",
    "next": "^9.3.4",
    "prism-react-renderer": "^1.1.1",
    "prismjs": "^1.21.0",
    "prop-types": "latest",
    "rangy": "^1.3.0",
    "react": "^16.13.1",
    "react-dom": "^16.13.1",
    "react-firebaseui": "^4.1.0",
    "react-social-icons": "^4.1.0",
    "react-syntax-highlighter": "^13.5.3",
    "react-text-selection-popover": "^1.3.2",
    "whatwg-fetch": "^3.4.1"
  },
  "devDependencies": {
    "firebase-functions-test": "^0.1.6",
    "firebase-tools": "^8.6.0"
  },
  "license": "MIT"
}
[info] i  functions: ensuring required API cloudfunctions.googleapis.com is enabled... 
[info] i  functions: ensuring required API cloudbuild.googleapis.com is enabled... 
[debug] [2020-10-02T08:14:10.541Z] >>> HTTP REQUEST GET https://serviceusage.googleapis.com/v1/projects/social-annotations-development/services/cloudfunctions.googleapis.com  
 
[debug] [2020-10-02T08:14:10.541Z] >>> HTTP REQUEST GET https://serviceusage.googleapis.com/v1/projects/social-annotations-development/services/runtimeconfig.googleapis.com  
 
[debug] [2020-10-02T08:14:10.542Z] >>> HTTP REQUEST GET https://serviceusage.googleapis.com/v1/projects/social-annotations-development/services/cloudbuild.googleapis.com  
 
[debug] [2020-10-02T08:14:11.376Z] <<< HTTP RESPONSE 200 {"content-type":"application/json; charset=UTF-8","vary":"X-Origin, Referer, Origin,Accept-Encoding","date":"Fri, 02 Oct 2020 08:14:11 GMT","server":"ESF","cache-control":"private","x-xss-protection":"0","x-frame-options":"SAMEORIGIN","x-content-type-options":"nosniff","alt-svc":"h3-Q050=\":443\"; ma=2592000,h3-29=\":443\"; ma=2592000,h3-27=\":443\"; ma=2592000,h3-T051=\":443\"; ma=2592000,h3-T050=\":443\"; ma=2592000,h3-Q046=\":443\"; ma=2592000,h3-Q043=\":443\"; ma=2592000,quic=\":443\"; ma=2592000; v=\"46,43\"","accept-ranges":"none","transfer-encoding":"chunked"}
[debug] [2020-10-02T08:14:11.401Z] <<< HTTP RESPONSE 200 {"content-type":"application/json; charset=UTF-8","vary":"X-Origin, Referer, Origin,Accept-Encoding","date":"Fri, 02 Oct 2020 08:14:11 GMT","server":"ESF","cache-control":"private","x-xss-protection":"0","x-frame-options":"SAMEORIGIN","x-content-type-options":"nosniff","alt-svc":"h3-Q050=\":443\"; ma=2592000,h3-29=\":443\"; ma=2592000,h3-27=\":443\"; ma=2592000,h3-T051=\":443\"; ma=2592000,h3-T050=\":443\"; ma=2592000,h3-Q046=\":443\"; ma=2592000,h3-Q043=\":443\"; ma=2592000,quic=\":443\"; ma=2592000; v=\"46,43\"","accept-ranges":"none","transfer-encoding":"chunked"}
[info] ✔  functions: required API cloudbuild.googleapis.com is enabled 
[debug] [2020-10-02T08:14:11.428Z] <<< HTTP RESPONSE 200 {"content-type":"application/json; charset=UTF-8","vary":"X-Origin, Referer, Origin,Accept-Encoding","date":"Fri, 02 Oct 2020 08:14:11 GMT","server":"ESF","cache-control":"private","x-xss-protection":"0","x-frame-options":"SAMEORIGIN","x-content-type-options":"nosniff","alt-svc":"h3-Q050=\":443\"; ma=2592000,h3-29=\":443\"; ma=2592000,h3-27=\":443\"; ma=2592000,h3-T051=\":443\"; ma=2592000,h3-T050=\":443\"; ma=2592000,h3-Q046=\":443\"; ma=2592000,h3-Q043=\":443\"; ma=2592000,quic=\":443\"; ma=2592000; v=\"46,43\"","accept-ranges":"none","transfer-encoding":"chunked"}
[info] ✔  functions: required API cloudfunctions.googleapis.com is enabled 
[debug] [2020-10-02T08:14:11.429Z] >>> HTTP REQUEST GET https://firebase.googleapis.com/v1beta1/projects/social-annotations-development/adminSdkConfig  
 
[debug] [2020-10-02T08:14:11.886Z] <<< HTTP RESPONSE 200 {"content-type":"application/json; charset=UTF-8","vary":"X-Origin, Referer, Origin,Accept-Encoding","date":"Fri, 02 Oct 2020 08:14:11 GMT","server":"ESF","cache-control":"private","x-xss-protection":"0","x-frame-options":"SAMEORIGIN","x-content-type-options":"nosniff","alt-svc":"h3-Q050=\":443\"; ma=2592000,h3-29=\":443\"; ma=2592000,h3-27=\":443\"; ma=2592000,h3-T051=\":443\"; ma=2592000,h3-T050=\":443\"; ma=2592000,h3-Q046=\":443\"; ma=2592000,h3-Q043=\":443\"; ma=2592000,quic=\":443\"; ma=2592000; v=\"46,43\"","accept-ranges":"none","transfer-encoding":"chunked"}
[debug] [2020-10-02T08:14:11.889Z] >>> HTTP REQUEST POST https://firebasehosting.googleapis.com/v1beta1/sites/social-annotations-development/versions  
 {"config":{"rewrites":[{"glob":"**","function":"nextjsFunc"}]},"labels":{"deployment-tool":"cli-firebase"}}
[debug] [2020-10-02T08:14:13.524Z] <<< HTTP RESPONSE 200 {"content-type":"application/json; charset=UTF-8","vary":"X-Origin, Referer, Origin,Accept-Encoding","date":"Fri, 02 Oct 2020 08:14:13 GMT","server":"ESF","cache-control":"private","x-xss-protection":"0","x-frame-options":"SAMEORIGIN","x-content-type-options":"nosniff","alt-svc":"h3-Q050=\":443\"; ma=2592000,h3-29=\":443\"; ma=2592000,h3-27=\":443\"; ma=2592000,h3-T051=\":443\"; ma=2592000,h3-T050=\":443\"; ma=2592000,h3-Q046=\":443\"; ma=2592000,h3-Q043=\":443\"; ma=2592000,quic=\":443\"; ma=2592000; v=\"46,43\"","accept-ranges":"none","transfer-encoding":"chunked"}
[info] i  functions: preparing . directory for uploading... 
[debug] [2020-10-02T08:14:13.527Z] >>> HTTP REQUEST GET https://runtimeconfig.googleapis.com/v1beta1/projects/social-annotations-development/configs  
 
[debug] [2020-10-02T08:14:13.857Z] <<< HTTP RESPONSE 200 {"content-type":"application/json; charset=UTF-8","vary":"X-Origin, Referer, Origin,Accept-Encoding","date":"Fri, 02 Oct 2020 08:14:13 GMT","server":"ESF","cache-control":"private","x-xss-protection":"0","x-frame-options":"SAMEORIGIN","x-content-type-options":"nosniff","alt-svc":"h3-Q050=\":443\"; ma=2592000,h3-29=\":443\"; ma=2592000,h3-27=\":443\"; ma=2592000,h3-T051=\":443\"; ma=2592000,h3-T050=\":443\"; ma=2592000,h3-Q046=\":443\"; ma=2592000,h3-Q043=\":443\"; ma=2592000,quic=\":443\"; ma=2592000; v=\"46,43\"","accept-ranges":"none","transfer-encoding":"chunked"}
[info] i  functions: packaged . (16.78 MB) for uploading 
[debug] [2020-10-02T08:14:23.725Z] >>> HTTP REQUEST GET https://cloudfunctions.googleapis.com/v1/projects/social-annotations-development/locations/-/functions  
 
[debug] [2020-10-02T08:14:24.379Z] <<< HTTP RESPONSE 200 {"content-type":"application/json; charset=UTF-8","vary":"X-Origin, Referer, Origin,Accept-Encoding","date":"Fri, 02 Oct 2020 08:14:24 GMT","server":"ESF","cache-control":"private","x-xss-protection":"0","x-frame-options":"SAMEORIGIN","x-content-type-options":"nosniff","alt-svc":"h3-Q050=\":443\"; ma=2592000,h3-29=\":443\"; ma=2592000,h3-27=\":443\"; ma=2592000,h3-T051=\":443\"; ma=2592000,h3-T050=\":443\"; ma=2592000,h3-Q046=\":443\"; ma=2592000,h3-Q043=\":443\"; ma=2592000,quic=\":443\"; ma=2592000; v=\"46,43\"","accept-ranges":"none","transfer-encoding":"chunked"}
[debug] [2020-10-02T08:14:24.382Z] >>> HTTP REQUEST POST https://cloudfunctions.googleapis.com/v1/projects/social-annotations-development/locations/us-central1/functions:generateUploadUrl  
 
[debug] [2020-10-02T08:14:25.074Z] <<< HTTP RESPONSE 200 {"content-type":"application/json; charset=UTF-8","vary":"X-Origin, Referer, Origin,Accept-Encoding","date":"Fri, 02 Oct 2020 08:14:25 GMT","server":"ESF","cache-control":"private","x-xss-protection":"0","x-frame-options":"SAMEORIGIN","x-content-type-options":"nosniff","alt-svc":"h3-Q050=\":443\"; ma=2592000,h3-29=\":443\"; ma=2592000,h3-27=\":443\"; ma=2592000,h3-T051=\":443\"; ma=2592000,h3-T050=\":443\"; ma=2592000,h3-Q046=\":443\"; ma=2592000,h3-Q043=\":443\"; ma=2592000,quic=\":443\"; ma=2592000; v=\"46,43\"","accept-ranges":"none","transfer-encoding":"chunked"}
[debug] [2020-10-02T08:14:25.075Z] >>> HTTP REQUEST PUT https://storage.googleapis.com/gcf-upload-us-central1-eccb9e83-6b3b-4faa-9e3d-425734069f3e/98fce44a-98d1-4a3d-869f-29d7995c3955.zip?GoogleAccessId=service-709020170632@gcf-admin-robot.iam.gserviceaccount.com&Expires=1601628264&Signature=zJuFerGhBdBghwgcmYOs6tZXRr%2FRguNJOo8Y5MOxhDzN8GzO00%2Fhatd%2Bq19Zgq99vRF8hTAkboOOzueq0wxu0CNCrnryvdgSzy%2BXb8uj29dK%2B1hgxwLmtZ%2F6uZNEmEE8pTcqRgUZD9JFbef%2BC%2F%2B%2BHJSO3oejRCkkQw%2BR491nGWbQznmXXu%2Fa%2FVIuV6DmQNnoMNBGtqkHuH0dRcuXq17RJLQiu6ap7dhVqQ5UrTN0F%2F%2BkDbLJCrCYCX4kmVHmmCEl95KB8FbgVL85uDckUVOIy4pGZwYx%2BVnZmYK3Ar1eBoAARjr1viFM19g%2FXfccQoUo1kB4rZ6F4paKVBDZPwhWNg%3D%3D  
 <request body omitted>
[debug] [2020-10-02T08:14:40.069Z] <<< HTTP RESPONSE 200 {"x-guploader-uploadid":"ABg5-Uw--oEYAWLXzgV73qCC6X5FdBSfNzbivJfCVBohrFKuWbQ3MYgIVXXJEo7pK8flD9GJytxHenYYiXBZxD8tck0","etag":"\"1af8c7efa0a1e24537b30925795da7a7\"","x-goog-generation":"1601626479995179","x-goog-metageneration":"1","x-goog-hash":"crc32c=Oz6+ag==, md5=GvjH76Ch4kU3swkleV2npw==","x-goog-stored-content-length":"17592450","x-goog-stored-content-encoding":"identity","vary":"Origin","content-length":"0","date":"Fri, 02 Oct 2020 08:14:40 GMT","server":"UploadServer","content-type":"text/html; charset=UTF-8","alt-svc":"h3-Q050=\":443\"; ma=2592000,h3-29=\":443\"; ma=2592000,h3-27=\":443\"; ma=2592000,h3-T051=\":443\"; ma=2592000,h3-T050=\":443\"; ma=2592000,h3-Q046=\":443\"; ma=2592000,h3-Q043=\":443\"; ma=2592000,quic=\":443\"; ma=2592000; v=\"46,43\""}
[info] ✔  functions: . folder uploaded successfully 
[info] i  hosting[social-annotations-development]: beginning deploy... 
[info] i  hosting[social-annotations-development]: found 0 files in public 
[debug] [2020-10-02T08:14:40.076Z] [hosting] hash cache [cHVibGlj] not populated
[info] ✔  hosting[social-annotations-development]: file upload complete 
[debug] [2020-10-02T08:14:40.077Z] [hosting] deploy completed after 6ms
[info] i  functions: creating Node.js 10 function userCreated(us-central1)... 
[debug] [2020-10-02T08:14:40.202Z] Trigger is:  {"eventTrigger":{"resource":"projects/social-annotations-development","eventType":"providers/firebase.auth/eventTypes/user.create","service":"firebaseauth.googleapis.com"}}
[info] i  functions: creating Node.js 10 function userDeleted(us-central1)... 
[debug] [2020-10-02T08:14:40.202Z] Trigger is:  {"eventTrigger":{"resource":"projects/social-annotations-development","eventType":"providers/firebase.auth/eventTypes/user.delete","service":"firebaseauth.googleapis.com"}}
[info] i  functions: updating Node.js 10 function nextjsFunc(us-central1)... 
[debug] [2020-10-02T08:14:40.203Z] Trigger is:  {"httpsTrigger":{}}
[info] 
The following functions are found in your project but do not exist in your local source code:
	newUserJoined(us-central1)

If you are renaming a function or changing its region, it is recommended that you create the new function first before deleting the old one to prevent event loss. For more info, visit https://firebase.google.com/docs/functions/manage-functions#modify

[info] i  functions: deleting function newUserJoined(us-central1)... 
[debug] [2020-10-02T08:14:45.850Z] >>> HTTP REQUEST POST https://cloudfunctions.googleapis.com/v1/projects/social-annotations-development/locations/us-central1/functions  
 {"sourceUploadUrl":"https://storage.googleapis.com/gcf-upload-us-central1-eccb9e83-6b3b-4faa-9e3d-425734069f3e/98fce44a-98d1-4a3d-869f-29d7995c3955.zip?GoogleAccessId=service-709020170632@gcf-admin-robot.iam.gserviceaccount.com&Expires=1601628264&Signature=zJuFerGhBdBghwgcmYOs6tZXRr%2FRguNJOo8Y5MOxhDzN8GzO00%2Fhatd%2Bq19Zgq99vRF8hTAkboOOzueq0wxu0CNCrnryvdgSzy%2BXb8uj29dK%2B1hgxwLmtZ%2F6uZNEmEE8pTcqRgUZD9JFbef%2BC%2F%2B%2BHJSO3oejRCkkQw%2BR491nGWbQznmXXu%2Fa%2FVIuV6DmQNnoMNBGtqkHuH0dRcuXq17RJLQiu6ap7dhVqQ5UrTN0F%2F%2BkDbLJCrCYCX4kmVHmmCEl95KB8FbgVL85uDckUVOIy4pGZwYx%2BVnZmYK3Ar1eBoAARjr1viFM19g%2FXfccQoUo1kB4rZ6F4paKVBDZPwhWNg%3D%3D","name":"projects/social-annotations-development/locations/us-central1/functions/userCreated","entryPoint":"userCreated","labels":{"deployment-tool":"cli-firebase"},"runtime":"nodejs10","environmentVariables":{"FIREBASE_CONFIG":"{\"projectId\":\"social-annotations-development\",\"databaseURL\":\"https://social-annotations-development.firebaseio.com\",\"storageBucket\":\"social-annotations-development.appspot.com\",\"locationId\":\"europe-west\"}"},"eventTrigger":{"resource":"projects/social-annotations-development","eventType":"providers/firebase.auth/eventTypes/user.create","service":"firebaseauth.googleapis.com"}}
[debug] [2020-10-02T08:14:45.851Z] >>> HTTP REQUEST POST https://cloudfunctions.googleapis.com/v1/projects/social-annotations-development/locations/us-central1/functions  
 {"sourceUploadUrl":"https://storage.googleapis.com/gcf-upload-us-central1-eccb9e83-6b3b-4faa-9e3d-425734069f3e/98fce44a-98d1-4a3d-869f-29d7995c3955.zip?GoogleAccessId=service-709020170632@gcf-admin-robot.iam.gserviceaccount.com&Expires=1601628264&Signature=zJuFerGhBdBghwgcmYOs6tZXRr%2FRguNJOo8Y5MOxhDzN8GzO00%2Fhatd%2Bq19Zgq99vRF8hTAkboOOzueq0wxu0CNCrnryvdgSzy%2BXb8uj29dK%2B1hgxwLmtZ%2F6uZNEmEE8pTcqRgUZD9JFbef%2BC%2F%2B%2BHJSO3oejRCkkQw%2BR491nGWbQznmXXu%2Fa%2FVIuV6DmQNnoMNBGtqkHuH0dRcuXq17RJLQiu6ap7dhVqQ5UrTN0F%2F%2BkDbLJCrCYCX4kmVHmmCEl95KB8FbgVL85uDckUVOIy4pGZwYx%2BVnZmYK3Ar1eBoAARjr1viFM19g%2FXfccQoUo1kB4rZ6F4paKVBDZPwhWNg%3D%3D","name":"projects/social-annotations-development/locations/us-central1/functions/userDeleted","entryPoint":"userDeleted","labels":{"deployment-tool":"cli-firebase"},"runtime":"nodejs10","environmentVariables":{"FIREBASE_CONFIG":"{\"projectId\":\"social-annotations-development\",\"databaseURL\":\"https://social-annotations-development.firebaseio.com\",\"storageBucket\":\"social-annotations-development.appspot.com\",\"locationId\":\"europe-west\"}"},"eventTrigger":{"resource":"projects/social-annotations-development","eventType":"providers/firebase.auth/eventTypes/user.delete","service":"firebaseauth.googleapis.com"}}
[debug] [2020-10-02T08:14:45.852Z] >>> HTTP REQUEST PATCH https://cloudfunctions.googleapis.com/v1/projects/social-annotations-development/locations/us-central1/functions/nextjsFunc {"updateMask":"sourceUploadUrl,name,labels,runtime,environmentVariables,httpsTrigger"} 
 {"sourceUploadUrl":"https://storage.googleapis.com/gcf-upload-us-central1-eccb9e83-6b3b-4faa-9e3d-425734069f3e/98fce44a-98d1-4a3d-869f-29d7995c3955.zip?GoogleAccessId=service-709020170632@gcf-admin-robot.iam.gserviceaccount.com&Expires=1601628264&Signature=zJuFerGhBdBghwgcmYOs6tZXRr%2FRguNJOo8Y5MOxhDzN8GzO00%2Fhatd%2Bq19Zgq99vRF8hTAkboOOzueq0wxu0CNCrnryvdgSzy%2BXb8uj29dK%2B1hgxwLmtZ%2F6uZNEmEE8pTcqRgUZD9JFbef%2BC%2F%2B%2BHJSO3oejRCkkQw%2BR491nGWbQznmXXu%2Fa%2FVIuV6DmQNnoMNBGtqkHuH0dRcuXq17RJLQiu6ap7dhVqQ5UrTN0F%2F%2BkDbLJCrCYCX4kmVHmmCEl95KB8FbgVL85uDckUVOIy4pGZwYx%2BVnZmYK3Ar1eBoAARjr1viFM19g%2FXfccQoUo1kB4rZ6F4paKVBDZPwhWNg%3D%3D","name":"projects/social-annotations-development/locations/us-central1/functions/nextjsFunc","labels":{"deployment-tool":"cli-firebase"},"httpsTrigger":{},"runtime":"nodejs10","environmentVariables":{"FIREBASE_CONFIG":"{\"projectId\":\"social-annotations-development\",\"databaseURL\":\"https://social-annotations-development.firebaseio.com\",\"storageBucket\":\"social-annotations-development.appspot.com\",\"locationId\":\"europe-west\"}"}}
[debug] [2020-10-02T08:14:45.852Z] >>> HTTP REQUEST DELETE https://cloudfunctions.googleapis.com/v1/projects/social-annotations-development/locations/us-central1/functions/newUserJoined  
 
[debug] [2020-10-02T08:14:46.599Z] <<< HTTP RESPONSE 200 {"content-type":"application/json; charset=UTF-8","vary":"X-Origin, Referer, Origin,Accept-Encoding","date":"Fri, 02 Oct 2020 08:14:46 GMT","server":"ESF","cache-control":"private","x-xss-protection":"0","x-frame-options":"SAMEORIGIN","x-content-type-options":"nosniff","alt-svc":"h3-Q050=\":443\"; ma=2592000,h3-29=\":443\"; ma=2592000,h3-27=\":443\"; ma=2592000,h3-T051=\":443\"; ma=2592000,h3-T050=\":443\"; ma=2592000,h3-Q046=\":443\"; ma=2592000,h3-Q043=\":443\"; ma=2592000,quic=\":443\"; ma=2592000; v=\"46,43\"","accept-ranges":"none","transfer-encoding":"chunked"}
[debug] [2020-10-02T08:14:46.604Z] <<< HTTP RESPONSE 200 {"content-type":"application/json; charset=UTF-8","vary":"X-Origin, Referer, Origin,Accept-Encoding","date":"Fri, 02 Oct 2020 08:14:46 GMT","server":"ESF","cache-control":"private","x-xss-protection":"0","x-frame-options":"SAMEORIGIN","x-content-type-options":"nosniff","alt-svc":"h3-Q050=\":443\"; ma=2592000,h3-29=\":443\"; ma=2592000,h3-27=\":443\"; ma=2592000,h3-T051=\":443\"; ma=2592000,h3-T050=\":443\"; ma=2592000,h3-Q046=\":443\"; ma=2592000,h3-Q043=\":443\"; ma=2592000,quic=\":443\"; ma=2592000; v=\"46,43\"","accept-ranges":"none","transfer-encoding":"chunked"}
[debug] [2020-10-02T08:14:46.628Z] <<< HTTP RESPONSE 200 {"content-type":"application/json; charset=UTF-8","vary":"X-Origin, Referer, Origin,Accept-Encoding","date":"Fri, 02 Oct 2020 08:14:46 GMT","server":"ESF","cache-control":"private","x-xss-protection":"0","x-frame-options":"SAMEORIGIN","x-content-type-options":"nosniff","alt-svc":"h3-Q050=\":443\"; ma=2592000,h3-29=\":443\"; ma=2592000,h3-27=\":443\"; ma=2592000,h3-T051=\":443\"; ma=2592000,h3-T050=\":443\"; ma=2592000,h3-Q046=\":443\"; ma=2592000,h3-Q043=\":443\"; ma=2592000,quic=\":443\"; ma=2592000; v=\"46,43\"","accept-ranges":"none","transfer-encoding":"chunked"}
[debug] [2020-10-02T08:14:46.655Z] <<< HTTP RESPONSE 200 {"content-type":"application/json; charset=UTF-8","vary":"X-Origin, Referer, Origin,Accept-Encoding","date":"Fri, 02 Oct 2020 08:14:46 GMT","server":"ESF","cache-control":"private","x-xss-protection":"0","x-frame-options":"SAMEORIGIN","x-content-type-options":"nosniff","alt-svc":"h3-Q050=\":443\"; ma=2592000,h3-29=\":443\"; ma=2592000,h3-27=\":443\"; ma=2592000,h3-T051=\":443\"; ma=2592000,h3-T050=\":443\"; ma=2592000,h3-Q046=\":443\"; ma=2592000,h3-Q043=\":443\"; ma=2592000,quic=\":443\"; ma=2592000; v=\"46,43\"","accept-ranges":"none","transfer-encoding":"chunked"}
[debug] [2020-10-02T08:14:46.658Z] >>> HTTP REQUEST GET https://cloudfunctions.googleapis.com/v1/projects/social-annotations-development/locations/-/functions  
 
[debug] [2020-10-02T08:14:47.319Z] <<< HTTP RESPONSE 200 {"content-type":"application/json; charset=UTF-8","vary":"X-Origin, Referer, Origin,Accept-Encoding","date":"Fri, 02 Oct 2020 08:14:47 GMT","server":"ESF","cache-control":"private","x-xss-protection":"0","x-frame-options":"SAMEORIGIN","x-content-type-options":"nosniff","alt-svc":"h3-Q050=\":443\"; ma=2592000,h3-29=\":443\"; ma=2592000,h3-27=\":443\"; ma=2592000,h3-T051=\":443\"; ma=2592000,h3-T050=\":443\"; ma=2592000,h3-Q046=\":443\"; ma=2592000,h3-Q043=\":443\"; ma=2592000,quic=\":443\"; ma=2592000; v=\"46,43\"","accept-ranges":"none","transfer-encoding":"chunked"}
[debug] [2020-10-02T08:14:47.321Z] >>> HTTP REQUEST GET https://cloudfunctions.googleapis.com/v1/operations/c29jaWFsLWFubm90YXRpb25zLWRldmVsb3BtZW50L3VzLWNlbnRyYWwxL3VzZXJDcmVhdGVkL3lBR2NLOXF5UklJ  
 
[debug] [2020-10-02T08:14:47.321Z] >>> HTTP REQUEST GET https://cloudfunctions.googleapis.com/v1/operations/c29jaWFsLWFubm90YXRpb25zLWRldmVsb3BtZW50L3VzLWNlbnRyYWwxL3VzZXJEZWxldGVkL210YWFNRTZ6c0Iw  
 
[debug] [2020-10-02T08:14:47.322Z] >>> HTTP REQUEST GET https://cloudfunctions.googleapis.com/v1/operations/c29jaWFsLWFubm90YXRpb25zLWRldmVsb3BtZW50L3VzLWNlbnRyYWwxL25leHRqc0Z1bmMvOWU3bFY1aURiWW8  
 
[debug] [2020-10-02T08:14:47.322Z] >>> HTTP REQUEST GET https://cloudfunctions.googleapis.com/v1/operations/c29jaWFsLWFubm90YXRpb25zLWRldmVsb3BtZW50L3VzLWNlbnRyYWwxL25ld1VzZXJKb2luZWQveVdFRTZkeTNUQ2M  
 
[debug] [2020-10-02T08:14:47.593Z] <<< HTTP RESPONSE 200 {"content-type":"application/json; charset=UTF-8","vary":"X-Origin, Referer, Origin,Accept-Encoding","date":"Fri, 02 Oct 2020 08:14:47 GMT","server":"ESF","cache-control":"private","x-xss-protection":"0","x-frame-options":"SAMEORIGIN","x-content-type-options":"nosniff","alt-svc":"h3-Q050=\":443\"; ma=2592000,h3-29=\":443\"; ma=2592000,h3-27=\":443\"; ma=2592000,h3-T051=\":443\"; ma=2592000,h3-T050=\":443\"; ma=2592000,h3-Q046=\":443\"; ma=2592000,h3-Q043=\":443\"; ma=2592000,quic=\":443\"; ma=2592000; v=\"46,43\"","accept-ranges":"none","transfer-encoding":"chunked"}
[debug] [2020-10-02T08:14:47.611Z] <<< HTTP RESPONSE 200 {"content-type":"application/json; charset=UTF-8","vary":"X-Origin, Referer, Origin,Accept-Encoding","date":"Fri, 02 Oct 2020 08:14:47 GMT","server":"ESF","cache-control":"private","x-xss-protection":"0","x-frame-options":"SAMEORIGIN","x-content-type-options":"nosniff","alt-svc":"h3-Q050=\":443\"; ma=2592000,h3-29=\":443\"; ma=2592000,h3-27=\":443\"; ma=2592000,h3-T051=\":443\"; ma=2592000,h3-T050=\":443\"; ma=2592000,h3-Q046=\":443\"; ma=2592000,h3-Q043=\":443\"; ma=2592000,quic=\":443\"; ma=2592000; v=\"46,43\"","accept-ranges":"none","transfer-encoding":"chunked"}
[debug] [2020-10-02T08:14:47.613Z] <<< HTTP RESPONSE 200 {"content-type":"application/json; charset=UTF-8","vary":"X-Origin, Referer, Origin,Accept-Encoding","date":"Fri, 02 Oct 2020 08:14:47 GMT","server":"ESF","cache-control":"private","x-xss-protection":"0","x-frame-options":"SAMEORIGIN","x-content-type-options":"nosniff","alt-svc":"h3-Q050=\":443\"; ma=2592000,h3-29=\":443\"; ma=2592000,h3-27=\":443\"; ma=2592000,h3-T051=\":443\"; ma=2592000,h3-T050=\":443\"; ma=2592000,h3-Q046=\":443\"; ma=2592000,h3-Q043=\":443\"; ma=2592000,quic=\":443\"; ma=2592000; v=\"46,43\"","accept-ranges":"none","transfer-encoding":"chunked"}
[debug] [2020-10-02T08:14:47.617Z] <<< HTTP RESPONSE 200 {"content-type":"application/json; charset=UTF-8","vary":"X-Origin, Referer, Origin,Accept-Encoding","date":"Fri, 02 Oct 2020 08:14:47 GMT","server":"ESF","cache-control":"private","x-xss-protection":"0","x-frame-options":"SAMEORIGIN","x-content-type-options":"nosniff","alt-svc":"h3-Q050=\":443\"; ma=2592000,h3-29=\":443\"; ma=2592000,h3-27=\":443\"; ma=2592000,h3-T051=\":443\"; ma=2592000,h3-T050=\":443\"; ma=2592000,h3-Q046=\":443\"; ma=2592000,h3-Q043=\":443\"; ma=2592000,quic=\":443\"; ma=2592000; v=\"46,43\"","accept-ranges":"none","transfer-encoding":"chunked"}
[debug] [2020-10-02T08:14:49.597Z] >>> HTTP REQUEST GET https://cloudfunctions.googleapis.com/v1/operations/c29jaWFsLWFubm90YXRpb25zLWRldmVsb3BtZW50L3VzLWNlbnRyYWwxL25ld1VzZXJKb2luZWQveVdFRTZkeTNUQ2M  
 
[debug] [2020-10-02T08:14:49.613Z] >>> HTTP REQUEST GET https://cloudfunctions.googleapis.com/v1/operations/c29jaWFsLWFubm90YXRpb25zLWRldmVsb3BtZW50L3VzLWNlbnRyYWwxL3VzZXJDcmVhdGVkL3lBR2NLOXF5UklJ  
 
[debug] [2020-10-02T08:14:49.615Z] >>> HTTP REQUEST GET https://cloudfunctions.googleapis.com/v1/operations/c29jaWFsLWFubm90YXRpb25zLWRldmVsb3BtZW50L3VzLWNlbnRyYWwxL3VzZXJEZWxldGVkL210YWFNRTZ6c0Iw  
 
[debug] [2020-10-02T08:14:49.617Z] >>> HTTP REQUEST GET https://cloudfunctions.googleapis.com/v1/operations/c29jaWFsLWFubm90YXRpb25zLWRldmVsb3BtZW50L3VzLWNlbnRyYWwxL25leHRqc0Z1bmMvOWU3bFY1aURiWW8  
 
[debug] [2020-10-02T08:14:49.845Z] <<< HTTP RESPONSE 200 {"content-type":"application/json; charset=UTF-8","vary":"X-Origin, Referer, Origin,Accept-Encoding","date":"Fri, 02 Oct 2020 08:14:49 GMT","server":"ESF","cache-control":"private","x-xss-protection":"0","x-frame-options":"SAMEORIGIN","x-content-type-options":"nosniff","alt-svc":"h3-Q050=\":443\"; ma=2592000,h3-29=\":443\"; ma=2592000,h3-27=\":443\"; ma=2592000,h3-T051=\":443\"; ma=2592000,h3-T050=\":443\"; ma=2592000,h3-Q046=\":443\"; ma=2592000,h3-Q043=\":443\"; ma=2592000,quic=\":443\"; ma=2592000; v=\"46,43\"","accept-ranges":"none","transfer-encoding":"chunked"}
[info] ✔  functions[newUserJoined(us-central1)]: Successful delete operation.  
[debug] [2020-10-02T08:14:49.876Z] <<< HTTP RESPONSE 200 {"content-type":"application/json; charset=UTF-8","vary":"X-Origin, Referer, Origin,Accept-Encoding","date":"Fri, 02 Oct 2020 08:14:49 GMT","server":"ESF","cache-control":"private","x-xss-protection":"0","x-frame-options":"SAMEORIGIN","x-content-type-options":"nosniff","alt-svc":"h3-Q050=\":443\"; ma=2592000,h3-29=\":443\"; ma=2592000,h3-27=\":443\"; ma=2592000,h3-T051=\":443\"; ma=2592000,h3-T050=\":443\"; ma=2592000,h3-Q046=\":443\"; ma=2592000,h3-Q043=\":443\"; ma=2592000,quic=\":443\"; ma=2592000; v=\"46,43\"","accept-ranges":"none","transfer-encoding":"chunked"}
[debug] [2020-10-02T08:14:49.885Z] <<< HTTP RESPONSE 200 {"content-type":"application/json; charset=UTF-8","vary":"X-Origin, Referer, Origin,Accept-Encoding","date":"Fri, 02 Oct 2020 08:14:49 GMT","server":"ESF","cache-control":"private","x-xss-protection":"0","x-frame-options":"SAMEORIGIN","x-content-type-options":"nosniff","alt-svc":"h3-Q050=\":443\"; ma=2592000,h3-29=\":443\"; ma=2592000,h3-27=\":443\"; ma=2592000,h3-T051=\":443\"; ma=2592000,h3-T050=\":443\"; ma=2592000,h3-Q046=\":443\"; ma=2592000,h3-Q043=\":443\"; ma=2592000,quic=\":443\"; ma=2592000; v=\"46,43\"","accept-ranges":"none","transfer-encoding":"chunked"}
[debug] [2020-10-02T08:14:49.915Z] <<< HTTP RESPONSE 200 {"content-type":"application/json; charset=UTF-8","vary":"X-Origin, Referer, Origin,Accept-Encoding","date":"Fri, 02 Oct 2020 08:14:49 GMT","server":"ESF","cache-control":"private","x-xss-protection":"0","x-frame-options":"SAMEORIGIN","x-content-type-options":"nosniff","alt-svc":"h3-Q050=\":443\"; ma=2592000,h3-29=\":443\"; ma=2592000,h3-27=\":443\"; ma=2592000,h3-T051=\":443\"; ma=2592000,h3-T050=\":443\"; ma=2592000,h3-Q046=\":443\"; ma=2592000,h3-Q043=\":443\"; ma=2592000,quic=\":443\"; ma=2592000; v=\"46,43\"","accept-ranges":"none","transfer-encoding":"chunked"}
[debug] [2020-10-02T08:14:51.880Z] >>> HTTP REQUEST GET https://cloudfunctions.googleapis.com/v1/operations/c29jaWFsLWFubm90YXRpb25zLWRldmVsb3BtZW50L3VzLWNlbnRyYWwxL3VzZXJDcmVhdGVkL3lBR2NLOXF5UklJ  
 
[debug] [2020-10-02T08:14:51.891Z] >>> HTTP REQUEST GET https://cloudfunctions.googleapis.com/v1/operations/c29jaWFsLWFubm90YXRpb25zLWRldmVsb3BtZW50L3VzLWNlbnRyYWwxL3VzZXJEZWxldGVkL210YWFNRTZ6c0Iw  
 
[debug] [2020-10-02T08:14:51.918Z] >>> HTTP REQUEST GET https://cloudfunctions.googleapis.com/v1/operations/c29jaWFsLWFubm90YXRpb25zLWRldmVsb3BtZW50L3VzLWNlbnRyYWwxL25leHRqc0Z1bmMvOWU3bFY1aURiWW8  
 
[debug] [2020-10-02T08:14:52.165Z] <<< HTTP RESPONSE 200 {"content-type":"application/json; charset=UTF-8","vary":"X-Origin, Referer, Origin,Accept-Encoding","date":"Fri, 02 Oct 2020 08:14:52 GMT","server":"ESF","cache-control":"private","x-xss-protection":"0","x-frame-options":"SAMEORIGIN","x-content-type-options":"nosniff","alt-svc":"h3-Q050=\":443\"; ma=2592000,h3-29=\":443\"; ma=2592000,h3-27=\":443\"; ma=2592000,h3-T051=\":443\"; ma=2592000,h3-T050=\":443\"; ma=2592000,h3-Q046=\":443\"; ma=2592000,h3-Q043=\":443\"; ma=2592000,quic=\":443\"; ma=2592000; v=\"46,43\"","accept-ranges":"none","transfer-encoding":"chunked"}
[debug] [2020-10-02T08:14:52.174Z] <<< HTTP RESPONSE 200 {"content-type":"application/json; charset=UTF-8","vary":"X-Origin, Referer, Origin,Accept-Encoding","date":"Fri, 02 Oct 2020 08:14:52 GMT","server":"ESF","cache-control":"private","x-xss-protection":"0","x-frame-options":"SAMEORIGIN","x-content-type-options":"nosniff","alt-svc":"h3-Q050=\":443\"; ma=2592000,h3-29=\":443\"; ma=2592000,h3-27=\":443\"; ma=2592000,h3-T051=\":443\"; ma=2592000,h3-T050=\":443\"; ma=2592000,h3-Q046=\":443\"; ma=2592000,h3-Q043=\":443\"; ma=2592000,quic=\":443\"; ma=2592000; v=\"46,43\"","accept-ranges":"none","transfer-encoding":"chunked"}
[debug] [2020-10-02T08:14:52.185Z] <<< HTTP RESPONSE 200 {"content-type":"application/json; charset=UTF-8","vary":"X-Origin, Referer, Origin,Accept-Encoding","date":"Fri, 02 Oct 2020 08:14:52 GMT","server":"ESF","cache-control":"private","x-xss-protection":"0","x-frame-options":"SAMEORIGIN","x-content-type-options":"nosniff","alt-svc":"h3-Q050=\":443\"; ma=2592000,h3-29=\":443\"; ma=2592000,h3-27=\":443\"; ma=2592000,h3-T051=\":443\"; ma=2592000,h3-T050=\":443\"; ma=2592000,h3-Q046=\":443\"; ma=2592000,h3-Q043=\":443\"; ma=2592000,quic=\":443\"; ma=2592000; v=\"46,43\"","accept-ranges":"none","transfer-encoding":"chunked"}
[debug] [2020-10-02T08:14:54.166Z] >>> HTTP REQUEST GET https://cloudfunctions.googleapis.com/v1/operations/c29jaWFsLWFubm90YXRpb25zLWRldmVsb3BtZW50L3VzLWNlbnRyYWwxL3VzZXJDcmVhdGVkL3lBR2NLOXF5UklJ  
 
[debug] [2020-10-02T08:14:54.176Z] >>> HTTP REQUEST GET https://cloudfunctions.googleapis.com/v1/operations/c29jaWFsLWFubm90YXRpb25zLWRldmVsb3BtZW50L3VzLWNlbnRyYWwxL3VzZXJEZWxldGVkL210YWFNRTZ6c0Iw  
 
[debug] [2020-10-02T08:14:54.188Z] >>> HTTP REQUEST GET https://cloudfunctions.googleapis.com/v1/operations/c29jaWFsLWFubm90YXRpb25zLWRldmVsb3BtZW50L3VzLWNlbnRyYWwxL25leHRqc0Z1bmMvOWU3bFY1aURiWW8  
 
[debug] [2020-10-02T08:14:54.427Z] <<< HTTP RESPONSE 200 {"content-type":"application/json; charset=UTF-8","vary":"X-Origin, Referer, Origin,Accept-Encoding","date":"Fri, 02 Oct 2020 08:14:54 GMT","server":"ESF","cache-control":"private","x-xss-protection":"0","x-frame-options":"SAMEORIGIN","x-content-type-options":"nosniff","alt-svc":"h3-Q050=\":443\"; ma=2592000,h3-29=\":443\"; ma=2592000,h3-27=\":443\"; ma=2592000,h3-T051=\":443\"; ma=2592000,h3-T050=\":443\"; ma=2592000,h3-Q046=\":443\"; ma=2592000,h3-Q043=\":443\"; ma=2592000,quic=\":443\"; ma=2592000; v=\"46,43\"","accept-ranges":"none","transfer-encoding":"chunked"}
[debug] [2020-10-02T08:14:54.433Z] <<< HTTP RESPONSE 200 {"content-type":"application/json; charset=UTF-8","vary":"X-Origin, Referer, Origin,Accept-Encoding","date":"Fri, 02 Oct 2020 08:14:54 GMT","server":"ESF","cache-control":"private","x-xss-protection":"0","x-frame-options":"SAMEORIGIN","x-content-type-options":"nosniff","alt-svc":"h3-Q050=\":443\"; ma=2592000,h3-29=\":443\"; ma=2592000,h3-27=\":443\"; ma=2592000,h3-T051=\":443\"; ma=2592000,h3-T050=\":443\"; ma=2592000,h3-Q046=\":443\"; ma=2592000,h3-Q043=\":443\"; ma=2592000,quic=\":443\"; ma=2592000; v=\"46,43\"","accept-ranges":"none","transfer-encoding":"chunked"}
[debug] [2020-10-02T08:14:54.484Z] <<< HTTP RESPONSE 200 {"content-type":"application/json; charset=UTF-8","vary":"X-Origin, Referer, Origin,Accept-Encoding","date":"Fri, 02 Oct 2020 08:14:54 GMT","server":"ESF","cache-control":"private","x-xss-protection":"0","x-frame-options":"SAMEORIGIN","x-content-type-options":"nosniff","alt-svc":"h3-Q050=\":443\"; ma=2592000,h3-29=\":443\"; ma=2592000,h3-27=\":443\"; ma=2592000,h3-T051=\":443\"; ma=2592000,h3-T050=\":443\"; ma=2592000,h3-Q046=\":443\"; ma=2592000,h3-Q043=\":443\"; ma=2592000,quic=\":443\"; ma=2592000; v=\"46,43\"","accept-ranges":"none","transfer-encoding":"chunked"}
[debug] [2020-10-02T08:14:56.428Z] >>> HTTP REQUEST GET https://cloudfunctions.googleapis.com/v1/operations/c29jaWFsLWFubm90YXRpb25zLWRldmVsb3BtZW50L3VzLWNlbnRyYWwxL3VzZXJEZWxldGVkL210YWFNRTZ6c0Iw  
 
[debug] [2020-10-02T08:14:56.433Z] >>> HTTP REQUEST GET https://cloudfunctions.googleapis.com/v1/operations/c29jaWFsLWFubm90YXRpb25zLWRldmVsb3BtZW50L3VzLWNlbnRyYWwxL3VzZXJDcmVhdGVkL3lBR2NLOXF5UklJ  
 
[debug] [2020-10-02T08:14:56.486Z] >>> HTTP REQUEST GET https://cloudfunctions.googleapis.com/v1/operations/c29jaWFsLWFubm90YXRpb25zLWRldmVsb3BtZW50L3VzLWNlbnRyYWwxL25leHRqc0Z1bmMvOWU3bFY1aURiWW8  
 
[debug] [2020-10-02T08:14:56.705Z] <<< HTTP RESPONSE 200 {"content-type":"application/json; charset=UTF-8","vary":"X-Origin, Referer, Origin,Accept-Encoding","date":"Fri, 02 Oct 2020 08:14:56 GMT","server":"ESF","cache-control":"private","x-xss-protection":"0","x-frame-options":"SAMEORIGIN","x-content-type-options":"nosniff","alt-svc":"h3-Q050=\":443\"; ma=2592000,h3-29=\":443\"; ma=2592000,h3-27=\":443\"; ma=2592000,h3-T051=\":443\"; ma=2592000,h3-T050=\":443\"; ma=2592000,h3-Q046=\":443\"; ma=2592000,h3-Q043=\":443\"; ma=2592000,quic=\":443\"; ma=2592000; v=\"46,43\"","accept-ranges":"none","transfer-encoding":"chunked"}
[debug] [2020-10-02T08:14:56.708Z] <<< HTTP RESPONSE 200 {"content-type":"application/json; charset=UTF-8","vary":"X-Origin, Referer, Origin,Accept-Encoding","date":"Fri, 02 Oct 2020 08:14:56 GMT","server":"ESF","cache-control":"private","x-xss-protection":"0","x-frame-options":"SAMEORIGIN","x-content-type-options":"nosniff","alt-svc":"h3-Q050=\":443\"; ma=2592000,h3-29=\":443\"; ma=2592000,h3-27=\":443\"; ma=2592000,h3-T051=\":443\"; ma=2592000,h3-T050=\":443\"; ma=2592000,h3-Q046=\":443\"; ma=2592000,h3-Q043=\":443\"; ma=2592000,quic=\":443\"; ma=2592000; v=\"46,43\"","accept-ranges":"none","transfer-encoding":"chunked"}
[debug] [2020-10-02T08:14:56.741Z] <<< HTTP RESPONSE 200 {"content-type":"application/json; charset=UTF-8","vary":"X-Origin, Referer, Origin,Accept-Encoding","date":"Fri, 02 Oct 2020 08:14:56 GMT","server":"ESF","cache-control":"private","x-xss-protection":"0","x-frame-options":"SAMEORIGIN","x-content-type-options":"nosniff","alt-svc":"h3-Q050=\":443\"; ma=2592000,h3-29=\":443\"; ma=2592000,h3-27=\":443\"; ma=2592000,h3-T051=\":443\"; ma=2592000,h3-T050=\":443\"; ma=2592000,h3-Q046=\":443\"; ma=2592000,h3-Q043=\":443\"; ma=2592000,quic=\":443\"; ma=2592000; v=\"46,43\"","accept-ranges":"none","transfer-encoding":"chunked"}
[debug] [2020-10-02T08:14:58.705Z] >>> HTTP REQUEST GET https://cloudfunctions.googleapis.com/v1/operations/c29jaWFsLWFubm90YXRpb25zLWRldmVsb3BtZW50L3VzLWNlbnRyYWwxL3VzZXJEZWxldGVkL210YWFNRTZ6c0Iw  
 
[debug] [2020-10-02T08:14:58.708Z] >>> HTTP REQUEST GET https://cloudfunctions.googleapis.com/v1/operations/c29jaWFsLWFubm90YXRpb25zLWRldmVsb3BtZW50L3VzLWNlbnRyYWwxL3VzZXJDcmVhdGVkL3lBR2NLOXF5UklJ  
 
[debug] [2020-10-02T08:14:58.742Z] >>> HTTP REQUEST GET https://cloudfunctions.googleapis.com/v1/operations/c29jaWFsLWFubm90YXRpb25zLWRldmVsb3BtZW50L3VzLWNlbnRyYWwxL25leHRqc0Z1bmMvOWU3bFY1aURiWW8  
 
[debug] [2020-10-02T08:14:58.963Z] <<< HTTP RESPONSE 200 {"content-type":"application/json; charset=UTF-8","vary":"X-Origin, Referer, Origin,Accept-Encoding","date":"Fri, 02 Oct 2020 08:14:58 GMT","server":"ESF","cache-control":"private","x-xss-protection":"0","x-frame-options":"SAMEORIGIN","x-content-type-options":"nosniff","alt-svc":"h3-Q050=\":443\"; ma=2592000,h3-29=\":443\"; ma=2592000,h3-27=\":443\"; ma=2592000,h3-T051=\":443\"; ma=2592000,h3-T050=\":443\"; ma=2592000,h3-Q046=\":443\"; ma=2592000,h3-Q043=\":443\"; ma=2592000,quic=\":443\"; ma=2592000; v=\"46,43\"","accept-ranges":"none","transfer-encoding":"chunked"}
[debug] [2020-10-02T08:14:58.980Z] <<< HTTP RESPONSE 200 {"content-type":"application/json; charset=UTF-8","vary":"X-Origin, Referer, Origin,Accept-Encoding","date":"Fri, 02 Oct 2020 08:14:58 GMT","server":"ESF","cache-control":"private","x-xss-protection":"0","x-frame-options":"SAMEORIGIN","x-content-type-options":"nosniff","alt-svc":"h3-Q050=\":443\"; ma=2592000,h3-29=\":443\"; ma=2592000,h3-27=\":443\"; ma=2592000,h3-T051=\":443\"; ma=2592000,h3-T050=\":443\"; ma=2592000,h3-Q046=\":443\"; ma=2592000,h3-Q043=\":443\"; ma=2592000,quic=\":443\"; ma=2592000; v=\"46,43\"","accept-ranges":"none","transfer-encoding":"chunked"}
[debug] [2020-10-02T08:14:59.002Z] <<< HTTP RESPONSE 200 {"content-type":"application/json; charset=UTF-8","vary":"X-Origin, Referer, Origin,Accept-Encoding","date":"Fri, 02 Oct 2020 08:14:58 GMT","server":"ESF","cache-control":"private","x-xss-protection":"0","x-frame-options":"SAMEORIGIN","x-content-type-options":"nosniff","alt-svc":"h3-Q050=\":443\"; ma=2592000,h3-29=\":443\"; ma=2592000,h3-27=\":443\"; ma=2592000,h3-T051=\":443\"; ma=2592000,h3-T050=\":443\"; ma=2592000,h3-Q046=\":443\"; ma=2592000,h3-Q043=\":443\"; ma=2592000,quic=\":443\"; ma=2592000; v=\"46,43\"","accept-ranges":"none","transfer-encoding":"chunked"}
[debug] [2020-10-02T08:15:00.968Z] >>> HTTP REQUEST GET https://cloudfunctions.googleapis.com/v1/operations/c29jaWFsLWFubm90YXRpb25zLWRldmVsb3BtZW50L3VzLWNlbnRyYWwxL3VzZXJDcmVhdGVkL3lBR2NLOXF5UklJ  
 
[debug] [2020-10-02T08:15:00.980Z] >>> HTTP REQUEST GET https://cloudfunctions.googleapis.com/v1/operations/c29jaWFsLWFubm90YXRpb25zLWRldmVsb3BtZW50L3VzLWNlbnRyYWwxL3VzZXJEZWxldGVkL210YWFNRTZ6c0Iw  
 
[debug] [2020-10-02T08:15:01.004Z] >>> HTTP REQUEST GET https://cloudfunctions.googleapis.com/v1/operations/c29jaWFsLWFubm90YXRpb25zLWRldmVsb3BtZW50L3VzLWNlbnRyYWwxL25leHRqc0Z1bmMvOWU3bFY1aURiWW8  
 
[debug] [2020-10-02T08:15:01.232Z] <<< HTTP RESPONSE 200 {"content-type":"application/json; charset=UTF-8","vary":"X-Origin, Referer, Origin,Accept-Encoding","date":"Fri, 02 Oct 2020 08:15:01 GMT","server":"ESF","cache-control":"private","x-xss-protection":"0","x-frame-options":"SAMEORIGIN","x-content-type-options":"nosniff","alt-svc":"h3-Q050=\":443\"; ma=2592000,h3-29=\":443\"; ma=2592000,h3-27=\":443\"; ma=2592000,h3-T051=\":443\"; ma=2592000,h3-T050=\":443\"; ma=2592000,h3-Q046=\":443\"; ma=2592000,h3-Q043=\":443\"; ma=2592000,quic=\":443\"; ma=2592000; v=\"46,43\"","accept-ranges":"none","transfer-encoding":"chunked"}
[debug] [2020-10-02T08:15:01.254Z] <<< HTTP RESPONSE 200 {"content-type":"application/json; charset=UTF-8","vary":"X-Origin, Referer, Origin,Accept-Encoding","date":"Fri, 02 Oct 2020 08:15:01 GMT","server":"ESF","cache-control":"private","x-xss-protection":"0","x-frame-options":"SAMEORIGIN","x-content-type-options":"nosniff","alt-svc":"h3-Q050=\":443\"; ma=2592000,h3-29=\":443\"; ma=2592000,h3-27=\":443\"; ma=2592000,h3-T051=\":443\"; ma=2592000,h3-T050=\":443\"; ma=2592000,h3-Q046=\":443\"; ma=2592000,h3-Q043=\":443\"; ma=2592000,quic=\":443\"; ma=2592000; v=\"46,43\"","accept-ranges":"none","transfer-encoding":"chunked"}
[debug] [2020-10-02T08:15:01.279Z] <<< HTTP RESPONSE 200 {"content-type":"application/json; charset=UTF-8","vary":"X-Origin, Referer, Origin,Accept-Encoding","date":"Fri, 02 Oct 2020 08:15:01 GMT","server":"ESF","cache-control":"private","x-xss-protection":"0","x-frame-options":"SAMEORIGIN","x-content-type-options":"nosniff","alt-svc":"h3-Q050=\":443\"; ma=2592000,h3-29=\":443\"; ma=2592000,h3-27=\":443\"; ma=2592000,h3-T051=\":443\"; ma=2592000,h3-T050=\":443\"; ma=2592000,h3-Q046=\":443\"; ma=2592000,h3-Q043=\":443\"; ma=2592000,quic=\":443\"; ma=2592000; v=\"46,43\"","accept-ranges":"none","transfer-encoding":"chunked"}
[debug] [2020-10-02T08:15:03.237Z] >>> HTTP REQUEST GET https://cloudfunctions.googleapis.com/v1/operations/c29jaWFsLWFubm90YXRpb25zLWRldmVsb3BtZW50L3VzLWNlbnRyYWwxL3VzZXJDcmVhdGVkL3lBR2NLOXF5UklJ  
 
[debug] [2020-10-02T08:15:03.255Z] >>> HTTP REQUEST GET https://cloudfunctions.googleapis.com/v1/operations/c29jaWFsLWFubm90YXRpb25zLWRldmVsb3BtZW50L3VzLWNlbnRyYWwxL3VzZXJEZWxldGVkL210YWFNRTZ6c0Iw  
 
[debug] [2020-10-02T08:15:03.281Z] >>> HTTP REQUEST GET https://cloudfunctions.googleapis.com/v1/operations/c29jaWFsLWFubm90YXRpb25zLWRldmVsb3BtZW50L3VzLWNlbnRyYWwxL25leHRqc0Z1bmMvOWU3bFY1aURiWW8  
 
[debug] [2020-10-02T08:15:03.496Z] <<< HTTP RESPONSE 200 {"content-type":"application/json; charset=UTF-8","vary":"X-Origin, Referer, Origin,Accept-Encoding","date":"Fri, 02 Oct 2020 08:15:03 GMT","server":"ESF","cache-control":"private","x-xss-protection":"0","x-frame-options":"SAMEORIGIN","x-content-type-options":"nosniff","alt-svc":"h3-Q050=\":443\"; ma=2592000,h3-29=\":443\"; ma=2592000,h3-27=\":443\"; ma=2592000,h3-T051=\":443\"; ma=2592000,h3-T050=\":443\"; ma=2592000,h3-Q046=\":443\"; ma=2592000,h3-Q043=\":443\"; ma=2592000,quic=\":443\"; ma=2592000; v=\"46,43\"","accept-ranges":"none","transfer-encoding":"chunked"}
[debug] [2020-10-02T08:15:03.504Z] <<< HTTP RESPONSE 200 {"content-type":"application/json; charset=UTF-8","vary":"X-Origin, Referer, Origin,Accept-Encoding","date":"Fri, 02 Oct 2020 08:15:03 GMT","server":"ESF","cache-control":"private","x-xss-protection":"0","x-frame-options":"SAMEORIGIN","x-content-type-options":"nosniff","alt-svc":"h3-Q050=\":443\"; ma=2592000,h3-29=\":443\"; ma=2592000,h3-27=\":443\"; ma=2592000,h3-T051=\":443\"; ma=2592000,h3-T050=\":443\"; ma=2592000,h3-Q046=\":443\"; ma=2592000,h3-Q043=\":443\"; ma=2592000,quic=\":443\"; ma=2592000; v=\"46,43\"","accept-ranges":"none","transfer-encoding":"chunked"}
[debug] [2020-10-02T08:15:03.547Z] <<< HTTP RESPONSE 200 {"content-type":"application/json; charset=UTF-8","vary":"X-Origin, Referer, Origin,Accept-Encoding","date":"Fri, 02 Oct 2020 08:15:03 GMT","server":"ESF","cache-control":"private","x-xss-protection":"0","x-frame-options":"SAMEORIGIN","x-content-type-options":"nosniff","alt-svc":"h3-Q050=\":443\"; ma=2592000,h3-29=\":443\"; ma=2592000,h3-27=\":443\"; ma=2592000,h3-T051=\":443\"; ma=2592000,h3-T050=\":443\"; ma=2592000,h3-Q046=\":443\"; ma=2592000,h3-Q043=\":443\"; ma=2592000,quic=\":443\"; ma=2592000; v=\"46,43\"","accept-ranges":"none","transfer-encoding":"chunked"}
[debug] [2020-10-02T08:15:05.497Z] >>> HTTP REQUEST GET https://cloudfunctions.googleapis.com/v1/operations/c29jaWFsLWFubm90YXRpb25zLWRldmVsb3BtZW50L3VzLWNlbnRyYWwxL3VzZXJEZWxldGVkL210YWFNRTZ6c0Iw  
 
[debug] [2020-10-02T08:15:05.505Z] >>> HTTP REQUEST GET https://cloudfunctions.googleapis.com/v1/operations/c29jaWFsLWFubm90YXRpb25zLWRldmVsb3BtZW50L3VzLWNlbnRyYWwxL3VzZXJDcmVhdGVkL3lBR2NLOXF5UklJ  
 
[debug] [2020-10-02T08:15:05.550Z] >>> HTTP REQUEST GET https://cloudfunctions.googleapis.com/v1/operations/c29jaWFsLWFubm90YXRpb25zLWRldmVsb3BtZW50L3VzLWNlbnRyYWwxL25leHRqc0Z1bmMvOWU3bFY1aURiWW8  
 
[debug] [2020-10-02T08:15:05.805Z] <<< HTTP RESPONSE 200 {"content-type":"application/json; charset=UTF-8","vary":"X-Origin, Referer, Origin,Accept-Encoding","date":"Fri, 02 Oct 2020 08:15:05 GMT","server":"ESF","cache-control":"private","x-xss-protection":"0","x-frame-options":"SAMEORIGIN","x-content-type-options":"nosniff","alt-svc":"h3-Q050=\":443\"; ma=2592000,h3-29=\":443\"; ma=2592000,h3-27=\":443\"; ma=2592000,h3-T051=\":443\"; ma=2592000,h3-T050=\":443\"; ma=2592000,h3-Q046=\":443\"; ma=2592000,h3-Q043=\":443\"; ma=2592000,quic=\":443\"; ma=2592000; v=\"46,43\"","accept-ranges":"none","transfer-encoding":"chunked"}
[debug] [2020-10-02T08:15:05.812Z] <<< HTTP RESPONSE 200 {"content-type":"application/json; charset=UTF-8","vary":"X-Origin, Referer, Origin,Accept-Encoding","date":"Fri, 02 Oct 2020 08:15:05 GMT","server":"ESF","cache-control":"private","x-xss-protection":"0","x-frame-options":"SAMEORIGIN","x-content-type-options":"nosniff","alt-svc":"h3-Q050=\":443\"; ma=2592000,h3-29=\":443\"; ma=2592000,h3-27=\":443\"; ma=2592000,h3-T051=\":443\"; ma=2592000,h3-T050=\":443\"; ma=2592000,h3-Q046=\":443\"; ma=2592000,h3-Q043=\":443\"; ma=2592000,quic=\":443\"; ma=2592000; v=\"46,43\"","accept-ranges":"none","transfer-encoding":"chunked"}
[debug] [2020-10-02T08:15:05.821Z] <<< HTTP RESPONSE 200 {"content-type":"application/json; charset=UTF-8","vary":"X-Origin, Referer, Origin,Accept-Encoding","date":"Fri, 02 Oct 2020 08:15:05 GMT","server":"ESF","cache-control":"private","x-xss-protection":"0","x-frame-options":"SAMEORIGIN","x-content-type-options":"nosniff","alt-svc":"h3-Q050=\":443\"; ma=2592000,h3-29=\":443\"; ma=2592000,h3-27=\":443\"; ma=2592000,h3-T051=\":443\"; ma=2592000,h3-T050=\":443\"; ma=2592000,h3-Q046=\":443\"; ma=2592000,h3-Q043=\":443\"; ma=2592000,quic=\":443\"; ma=2592000; v=\"46,43\"","accept-ranges":"none","transfer-encoding":"chunked"}
[debug] [2020-10-02T08:15:07.810Z] >>> HTTP REQUEST GET https://cloudfunctions.googleapis.com/v1/operations/c29jaWFsLWFubm90YXRpb25zLWRldmVsb3BtZW50L3VzLWNlbnRyYWwxL3VzZXJEZWxldGVkL210YWFNRTZ6c0Iw  
 
[debug] [2020-10-02T08:15:07.813Z] >>> HTTP REQUEST GET https://cloudfunctions.googleapis.com/v1/operations/c29jaWFsLWFubm90YXRpb25zLWRldmVsb3BtZW50L3VzLWNlbnRyYWwxL25leHRqc0Z1bmMvOWU3bFY1aURiWW8  
 
[debug] [2020-10-02T08:15:07.822Z] >>> HTTP REQUEST GET https://cloudfunctions.googleapis.com/v1/operations/c29jaWFsLWFubm90YXRpb25zLWRldmVsb3BtZW50L3VzLWNlbnRyYWwxL3VzZXJDcmVhdGVkL3lBR2NLOXF5UklJ  
 
[debug] [2020-10-02T08:15:08.076Z] <<< HTTP RESPONSE 200 {"content-type":"application/json; charset=UTF-8","vary":"X-Origin, Referer, Origin,Accept-Encoding","date":"Fri, 02 Oct 2020 08:15:08 GMT","server":"ESF","cache-control":"private","x-xss-protection":"0","x-frame-options":"SAMEORIGIN","x-content-type-options":"nosniff","alt-svc":"h3-Q050=\":443\"; ma=2592000,h3-29=\":443\"; ma=2592000,h3-27=\":443\"; ma=2592000,h3-T051=\":443\"; ma=2592000,h3-T050=\":443\"; ma=2592000,h3-Q046=\":443\"; ma=2592000,h3-Q043=\":443\"; ma=2592000,quic=\":443\"; ma=2592000; v=\"46,43\"","accept-ranges":"none","transfer-encoding":"chunked"}
[debug] [2020-10-02T08:15:08.076Z] <<< HTTP RESPONSE 200 {"content-type":"application/json; charset=UTF-8","vary":"X-Origin, Referer, Origin,Accept-Encoding","date":"Fri, 02 Oct 2020 08:15:08 GMT","server":"ESF","cache-control":"private","x-xss-protection":"0","x-frame-options":"SAMEORIGIN","x-content-type-options":"nosniff","alt-svc":"h3-Q050=\":443\"; ma=2592000,h3-29=\":443\"; ma=2592000,h3-27=\":443\"; ma=2592000,h3-T051=\":443\"; ma=2592000,h3-T050=\":443\"; ma=2592000,h3-Q046=\":443\"; ma=2592000,h3-Q043=\":443\"; ma=2592000,quic=\":443\"; ma=2592000; v=\"46,43\"","accept-ranges":"none","transfer-encoding":"chunked"}
[debug] [2020-10-02T08:15:08.087Z] <<< HTTP RESPONSE 200 {"content-type":"application/json; charset=UTF-8","vary":"X-Origin, Referer, Origin,Accept-Encoding","date":"Fri, 02 Oct 2020 08:15:08 GMT","server":"ESF","cache-control":"private","x-xss-protection":"0","x-frame-options":"SAMEORIGIN","x-content-type-options":"nosniff","alt-svc":"h3-Q050=\":443\"; ma=2592000,h3-29=\":443\"; ma=2592000,h3-27=\":443\"; ma=2592000,h3-T051=\":443\"; ma=2592000,h3-T050=\":443\"; ma=2592000,h3-Q046=\":443\"; ma=2592000,h3-Q043=\":443\"; ma=2592000,quic=\":443\"; ma=2592000; v=\"46,43\"","accept-ranges":"none","transfer-encoding":"chunked"}
[debug] [2020-10-02T08:15:10.081Z] >>> HTTP REQUEST GET https://cloudfunctions.googleapis.com/v1/operations/c29jaWFsLWFubm90YXRpb25zLWRldmVsb3BtZW50L3VzLWNlbnRyYWwxL25leHRqc0Z1bmMvOWU3bFY1aURiWW8  
 
[debug] [2020-10-02T08:15:10.082Z] >>> HTTP REQUEST GET https://cloudfunctions.googleapis.com/v1/operations/c29jaWFsLWFubm90YXRpb25zLWRldmVsb3BtZW50L3VzLWNlbnRyYWwxL3VzZXJDcmVhdGVkL3lBR2NLOXF5UklJ  
 
[debug] [2020-10-02T08:15:10.089Z] >>> HTTP REQUEST GET https://cloudfunctions.googleapis.com/v1/operations/c29jaWFsLWFubm90YXRpb25zLWRldmVsb3BtZW50L3VzLWNlbnRyYWwxL3VzZXJEZWxldGVkL210YWFNRTZ6c0Iw  
 
[debug] [2020-10-02T08:15:10.335Z] <<< HTTP RESPONSE 200 {"content-type":"application/json; charset=UTF-8","vary":"X-Origin, Referer, Origin,Accept-Encoding","date":"Fri, 02 Oct 2020 08:15:10 GMT","server":"ESF","cache-control":"private","x-xss-protection":"0","x-frame-options":"SAMEORIGIN","x-content-type-options":"nosniff","alt-svc":"h3-Q050=\":443\"; ma=2592000,h3-29=\":443\"; ma=2592000,h3-27=\":443\"; ma=2592000,h3-T051=\":443\"; ma=2592000,h3-T050=\":443\"; ma=2592000,h3-Q046=\":443\"; ma=2592000,h3-Q043=\":443\"; ma=2592000,quic=\":443\"; ma=2592000; v=\"46,43\"","accept-ranges":"none","transfer-encoding":"chunked"}
[debug] [2020-10-02T08:15:10.336Z] <<< HTTP RESPONSE 200 {"content-type":"application/json; charset=UTF-8","vary":"X-Origin, Referer, Origin,Accept-Encoding","date":"Fri, 02 Oct 2020 08:15:10 GMT","server":"ESF","cache-control":"private","x-xss-protection":"0","x-frame-options":"SAMEORIGIN","x-content-type-options":"nosniff","alt-svc":"h3-Q050=\":443\"; ma=2592000,h3-29=\":443\"; ma=2592000,h3-27=\":443\"; ma=2592000,h3-T051=\":443\"; ma=2592000,h3-T050=\":443\"; ma=2592000,h3-Q046=\":443\"; ma=2592000,h3-Q043=\":443\"; ma=2592000,quic=\":443\"; ma=2592000; v=\"46,43\"","accept-ranges":"none","transfer-encoding":"chunked"}
[debug] [2020-10-02T08:15:10.369Z] <<< HTTP RESPONSE 200 {"content-type":"application/json; charset=UTF-8","vary":"X-Origin, Referer, Origin,Accept-Encoding","date":"Fri, 02 Oct 2020 08:15:10 GMT","server":"ESF","cache-control":"private","x-xss-protection":"0","x-frame-options":"SAMEORIGIN","x-content-type-options":"nosniff","alt-svc":"h3-Q050=\":443\"; ma=2592000,h3-29=\":443\"; ma=2592000,h3-27=\":443\"; ma=2592000,h3-T051=\":443\"; ma=2592000,h3-T050=\":443\"; ma=2592000,h3-Q046=\":443\"; ma=2592000,h3-Q043=\":443\"; ma=2592000,quic=\":443\"; ma=2592000; v=\"46,43\"","accept-ranges":"none","transfer-encoding":"chunked"}
[debug] [2020-10-02T08:15:12.337Z] >>> HTTP REQUEST GET https://cloudfunctions.googleapis.com/v1/operations/c29jaWFsLWFubm90YXRpb25zLWRldmVsb3BtZW50L3VzLWNlbnRyYWwxL25leHRqc0Z1bmMvOWU3bFY1aURiWW8  
 
[debug] [2020-10-02T08:15:12.337Z] >>> HTTP REQUEST GET https://cloudfunctions.googleapis.com/v1/operations/c29jaWFsLWFubm90YXRpb25zLWRldmVsb3BtZW50L3VzLWNlbnRyYWwxL3VzZXJDcmVhdGVkL3lBR2NLOXF5UklJ  
 
[debug] [2020-10-02T08:15:12.370Z] >>> HTTP REQUEST GET https://cloudfunctions.googleapis.com/v1/operations/c29jaWFsLWFubm90YXRpb25zLWRldmVsb3BtZW50L3VzLWNlbnRyYWwxL3VzZXJEZWxldGVkL210YWFNRTZ6c0Iw  
 
[debug] [2020-10-02T08:15:12.596Z] <<< HTTP RESPONSE 200 {"content-type":"application/json; charset=UTF-8","vary":"X-Origin, Referer, Origin,Accept-Encoding","date":"Fri, 02 Oct 2020 08:15:12 GMT","server":"ESF","cache-control":"private","x-xss-protection":"0","x-frame-options":"SAMEORIGIN","x-content-type-options":"nosniff","alt-svc":"h3-Q050=\":443\"; ma=2592000,h3-29=\":443\"; ma=2592000,h3-27=\":443\"; ma=2592000,h3-T051=\":443\"; ma=2592000,h3-T050=\":443\"; ma=2592000,h3-Q046=\":443\"; ma=2592000,h3-Q043=\":443\"; ma=2592000,quic=\":443\"; ma=2592000; v=\"46,43\"","accept-ranges":"none","transfer-encoding":"chunked"}
[debug] [2020-10-02T08:15:12.610Z] <<< HTTP RESPONSE 200 {"content-type":"application/json; charset=UTF-8","vary":"X-Origin, Referer, Origin,Accept-Encoding","date":"Fri, 02 Oct 2020 08:15:12 GMT","server":"ESF","cache-control":"private","x-xss-protection":"0","x-frame-options":"SAMEORIGIN","x-content-type-options":"nosniff","alt-svc":"h3-Q050=\":443\"; ma=2592000,h3-29=\":443\"; ma=2592000,h3-27=\":443\"; ma=2592000,h3-T051=\":443\"; ma=2592000,h3-T050=\":443\"; ma=2592000,h3-Q046=\":443\"; ma=2592000,h3-Q043=\":443\"; ma=2592000,quic=\":443\"; ma=2592000; v=\"46,43\"","accept-ranges":"none","transfer-encoding":"chunked"}
[debug] [2020-10-02T08:15:12.634Z] <<< HTTP RESPONSE 200 {"content-type":"application/json; charset=UTF-8","vary":"X-Origin, Referer, Origin,Accept-Encoding","date":"Fri, 02 Oct 2020 08:15:12 GMT","server":"ESF","cache-control":"private","x-xss-protection":"0","x-frame-options":"SAMEORIGIN","x-content-type-options":"nosniff","alt-svc":"h3-Q050=\":443\"; ma=2592000,h3-29=\":443\"; ma=2592000,h3-27=\":443\"; ma=2592000,h3-T051=\":443\"; ma=2592000,h3-T050=\":443\"; ma=2592000,h3-Q046=\":443\"; ma=2592000,h3-Q043=\":443\"; ma=2592000,quic=\":443\"; ma=2592000; v=\"46,43\"","accept-ranges":"none","transfer-encoding":"chunked"}
